<?xml version="1.0" encoding="UTF-8"?>
<!-- Generated by org.testng.reporters.JUnitXMLReporter -->
<testsuite ignored="0" hostname="Asus-Vivobook-Mahesh" failures="0" tests="3" name="Default test" time="11.167" errors="0" timestamp="2025-04-05T12:13:39 IST">
  <testcase classname="com.expo.test.DemoGuruTest" name="login" time="1.877"/>
  <testcase classname="com.expo.test.DemoGuruTest" name="login" time="1.256"/>
  <testcase classname="com.expo.test.DemoGuruTest" name="login" time="1.31"/>
</testsuite> <!-- Default test -->
