<?xml version="1.0" encoding="UTF-8"?>
<!-- Generated by org.testng.reporters.JUnitXMLReporter -->
<testsuite ignored="0" hostname="Asus-Vivobook-Mahesh" failures="0" tests="3" name="Default test" time="17.978" errors="0" timestamp="2025-04-05T20:07:07 IST">
  <testcase classname="com.expo.test.DemoGuruTest" name="login" time="2.097"/>
  <testcase classname="com.expo.test.DemoGuruTest" name="login" time="1.802"/>
  <testcase classname="com.expo.test.DemoGuruTest" name="login" time="2.17"/>
</testsuite> <!-- Default test -->
