<?xml version="1.0" encoding="UTF-8"?>
<!-- Generated by org.testng.reporters.JUnitReportReporter -->
<testsuite hostname="Asus-Vivobook-Mahesh" failures="0" tests="3" name="com.expo.test.DemoGuruTest" time="8.652" errors="0" timestamp="2025-04-05T12:13:43 IST" skipped="0">
  <testcase classname="com.expo.test.DemoGuruTest" name="login" time="3.217"/>
  <system-out/>
  <testcase classname="com.expo.test.DemoGuruTest" name="login" time="2.898"/>
  <system-out/>
  <testcase classname="com.expo.test.DemoGuruTest" name="login" time="2.537"/>
  <system-out/>
</testsuite> <!-- com.expo.test.DemoGuruTest -->
