<?xml version="1.0" encoding="UTF-8"?>
<!-- Generated by org.testng.reporters.JUnitReportReporter -->
<testsuite hostname="Asus-Vivobook-Mahesh" failures="0" tests="3" name="com.expo.test.DemoGuruTest" time="13.848" errors="0" timestamp="2025-04-05T20:07:11 IST" skipped="0">
  <testcase classname="com.expo.test.DemoGuruTest" name="login" time="5.085"/>
  <system-out/>
  <testcase classname="com.expo.test.DemoGuruTest" name="login" time="5.119"/>
  <system-out/>
  <testcase classname="com.expo.test.DemoGuruTest" name="login" time="3.644"/>
  <system-out/>
</testsuite> <!-- com.expo.test.DemoGuruTest -->
