<?xml version="1.0" encoding="UTF-8"?>
<testng-results ignored="0" total="3" passed="3" failed="0" skipped="0">
  <reporter-output>
  </reporter-output>
  <suite started-at="2025-04-05T12:13:28 IST" name="Default suite" finished-at="2025-04-05T12:13:39 IST" duration-ms="11167">
    <groups>
    </groups>
    <test started-at="2025-04-05T12:13:28 IST" name="Default test" finished-at="2025-04-05T12:13:39 IST" duration-ms="11167">
      <class name="com.expo.test.DemoGuruTest">
        <test-method is-config="true" signature="openBrowser()[pri:0, instance:com.expo.test.DemoGuruTest@2f7298b]" started-at="2025-04-05T12:13:26 IST" name="openBrowser" finished-at="2025-04-05T12:13:28 IST" duration-ms="2590" status="PASS">
          <reporter-output>
          </reporter-output>
        </test-method> <!-- openBrowser -->
        <test-method is-config="true" signature="openWebPage()[pri:0, instance:com.expo.test.DemoGuruTest@2f7298b]" started-at="2025-04-05T12:13:28 IST" name="openWebPage" finished-at="2025-04-05T12:13:31 IST" duration-ms="2484" status="PASS">
          <reporter-output>
          </reporter-output>
        </test-method> <!-- openWebPage -->
        <test-method is-config="true" signature="waitImplementation()[pri:0, instance:com.expo.test.DemoGuruTest@2f7298b]" started-at="2025-04-05T12:13:31 IST" name="waitImplementation" finished-at="2025-04-05T12:13:31 IST" duration-ms="4" status="PASS">
          <reporter-output>
          </reporter-output>
        </test-method> <!-- waitImplementation -->
        <test-method is-config="true" signature="signIn()[pri:0, instance:com.expo.test.DemoGuruTest@2f7298b]" started-at="2025-04-05T12:13:31 IST" name="signIn" finished-at="2025-04-05T12:13:32 IST" duration-ms="975" status="PASS">
          <reporter-output>
          </reporter-output>
        </test-method> <!-- signIn -->
        <test-method signature="login(java.lang.String,java.lang.String)[pri:0, instance:com.expo.test.DemoGuruTest@2f7298b]" started-at="2025-04-05T12:13:32 IST" name="login" data-provider="dataProvider" finished-at="2025-04-05T12:13:33 IST" duration-ms="1877" status="PASS">
          <params>
            <param index="0">
              <value>
                <![CDATA[AAAAA]]>
              </value>
            </param>
            <param index="1">
              <value>
                <![CDATA[aaaaa]]>
              </value>
            </param>
          </params>
          <reporter-output>
          </reporter-output>
        </test-method> <!-- login -->
        <test-method is-config="true" signature="takeScreenshot()[pri:0, instance:com.expo.test.DemoGuruTest@2f7298b]" started-at="2025-04-05T12:13:33 IST" name="takeScreenshot" finished-at="2025-04-05T12:13:34 IST" duration-ms="667" status="PASS">
          <reporter-output>
          </reporter-output>
        </test-method> <!-- takeScreenshot -->
        <test-method is-config="true" signature="signIn()[pri:0, instance:com.expo.test.DemoGuruTest@2f7298b]" started-at="2025-04-05T12:13:34 IST" name="signIn" finished-at="2025-04-05T12:13:35 IST" duration-ms="695" status="PASS">
          <reporter-output>
          </reporter-output>
        </test-method> <!-- signIn -->
        <test-method signature="login(java.lang.String,java.lang.String)[pri:0, instance:com.expo.test.DemoGuruTest@2f7298b]" started-at="2025-04-05T12:13:35 IST" name="login" data-provider="dataProvider" finished-at="2025-04-05T12:13:36 IST" duration-ms="1256" status="PASS">
          <params>
            <param index="0">
              <value>
                <![CDATA[BBBBB]]>
              </value>
            </param>
            <param index="1">
              <value>
                <![CDATA[bbbbb]]>
              </value>
            </param>
          </params>
          <reporter-output>
          </reporter-output>
        </test-method> <!-- login -->
        <test-method is-config="true" signature="takeScreenshot()[pri:0, instance:com.expo.test.DemoGuruTest@2f7298b]" started-at="2025-04-05T12:13:36 IST" name="takeScreenshot" finished-at="2025-04-05T12:13:37 IST" duration-ms="663" status="PASS">
          <reporter-output>
          </reporter-output>
        </test-method> <!-- takeScreenshot -->
        <test-method is-config="true" signature="signIn()[pri:0, instance:com.expo.test.DemoGuruTest@2f7298b]" started-at="2025-04-05T12:13:37 IST" name="signIn" finished-at="2025-04-05T12:13:37 IST" duration-ms="564" status="PASS">
          <reporter-output>
          </reporter-output>
        </test-method> <!-- signIn -->
        <test-method signature="login(java.lang.String,java.lang.String)[pri:0, instance:com.expo.test.DemoGuruTest@2f7298b]" started-at="2025-04-05T12:13:37 IST" name="login" data-provider="dataProvider" finished-at="2025-04-05T12:13:39 IST" duration-ms="1310" status="PASS">
          <params>
            <param index="0">
              <value>
                <![CDATA[CCCCC]]>
              </value>
            </param>
            <param index="1">
              <value>
                <![CDATA[ccccc]]>
              </value>
            </param>
          </params>
          <reporter-output>
          </reporter-output>
        </test-method> <!-- login -->
        <test-method is-config="true" signature="takeScreenshot()[pri:0, instance:com.expo.test.DemoGuruTest@2f7298b]" started-at="2025-04-05T12:13:39 IST" name="takeScreenshot" finished-at="2025-04-05T12:13:39 IST" duration-ms="645" status="PASS">
          <reporter-output>
          </reporter-output>
        </test-method> <!-- takeScreenshot -->
        <test-method is-config="true" signature="closeBrowser()[pri:0, instance:com.expo.test.DemoGuruTest@2f7298b]" started-at="2025-04-05T12:13:39 IST" name="closeBrowser" finished-at="2025-04-05T12:13:43 IST" duration-ms="3206" status="PASS">
          <reporter-output>
          </reporter-output>
        </test-method> <!-- closeBrowser -->
      </class> <!-- com.expo.test.DemoGuruTest -->
    </test> <!-- Default test -->
  </suite> <!-- Default suite -->
</testng-results>
