<?xml version="1.0" encoding="UTF-8"?>
<testng-results ignored="0" total="3" passed="3" failed="0" skipped="0">
  <reporter-output>
  </reporter-output>
  <suite started-at="2025-04-05T20:06:49 IST" name="Default suite" finished-at="2025-04-05T20:07:07 IST" duration-ms="17978">
    <groups>
    </groups>
    <test started-at="2025-04-05T20:06:49 IST" name="Default test" finished-at="2025-04-05T20:07:07 IST" duration-ms="17978">
      <class name="com.expo.test.DemoGuruTest">
        <test-method is-config="true" signature="openBrowser()[pri:0, instance:com.expo.test.DemoGuruTest@291ae]" started-at="2025-04-05T20:06:39 IST" name="openBrowser" finished-at="2025-04-05T20:06:49 IST" duration-ms="10388" status="PASS">
          <reporter-output>
          </reporter-output>
        </test-method> <!-- openBrowser -->
        <test-method is-config="true" signature="openWebPage()[pri:0, instance:com.expo.test.DemoGuruTest@291ae]" started-at="2025-04-05T20:06:49 IST" name="openWebPage" finished-at="2025-04-05T20:06:53 IST" duration-ms="4060" status="PASS">
          <reporter-output>
          </reporter-output>
        </test-method> <!-- openWebPage -->
        <test-method is-config="true" signature="waitImplementation()[pri:0, instance:com.expo.test.DemoGuruTest@291ae]" started-at="2025-04-05T20:06:53 IST" name="waitImplementation" finished-at="2025-04-05T20:06:53 IST" duration-ms="3" status="PASS">
          <reporter-output>
          </reporter-output>
        </test-method> <!-- waitImplementation -->
        <test-method is-config="true" signature="signIn()[pri:0, instance:com.expo.test.DemoGuruTest@291ae]" started-at="2025-04-05T20:06:53 IST" name="signIn" finished-at="2025-04-05T20:06:55 IST" duration-ms="1172" status="PASS">
          <reporter-output>
          </reporter-output>
        </test-method> <!-- signIn -->
        <test-method signature="login(java.lang.String,java.lang.String)[pri:0, instance:com.expo.test.DemoGuruTest@291ae]" started-at="2025-04-05T20:06:55 IST" name="login" data-provider="dataProvider" finished-at="2025-04-05T20:06:57 IST" duration-ms="2097" status="PASS">
          <params>
            <param index="0">
              <value>
                <![CDATA[AAAAA]]>
              </value>
            </param>
            <param index="1">
              <value>
                <![CDATA[aaaaa]]>
              </value>
            </param>
          </params>
          <reporter-output>
          </reporter-output>
        </test-method> <!-- login -->
        <test-method is-config="true" signature="takeScreenshot()[pri:0, instance:com.expo.test.DemoGuruTest@291ae]" started-at="2025-04-05T20:06:57 IST" name="takeScreenshot" finished-at="2025-04-05T20:06:58 IST" duration-ms="1777" status="PASS">
          <reporter-output>
          </reporter-output>
        </test-method> <!-- takeScreenshot -->
        <test-method is-config="true" signature="signIn()[pri:0, instance:com.expo.test.DemoGuruTest@291ae]" started-at="2025-04-05T20:06:58 IST" name="signIn" finished-at="2025-04-05T20:06:59 IST" duration-ms="776" status="PASS">
          <reporter-output>
          </reporter-output>
        </test-method> <!-- signIn -->
        <test-method signature="login(java.lang.String,java.lang.String)[pri:0, instance:com.expo.test.DemoGuruTest@291ae]" started-at="2025-04-05T20:06:59 IST" name="login" data-provider="dataProvider" finished-at="2025-04-05T20:07:01 IST" duration-ms="1802" status="PASS">
          <params>
            <param index="0">
              <value>
                <![CDATA[BBBBB]]>
              </value>
            </param>
            <param index="1">
              <value>
                <![CDATA[bbbbb]]>
              </value>
            </param>
          </params>
          <reporter-output>
          </reporter-output>
        </test-method> <!-- login -->
        <test-method is-config="true" signature="takeScreenshot()[pri:0, instance:com.expo.test.DemoGuruTest@291ae]" started-at="2025-04-05T20:07:01 IST" name="takeScreenshot" finished-at="2025-04-05T20:07:03 IST" duration-ms="1916" status="PASS">
          <reporter-output>
          </reporter-output>
        </test-method> <!-- takeScreenshot -->
        <test-method is-config="true" signature="signIn()[pri:0, instance:com.expo.test.DemoGuruTest@291ae]" started-at="2025-04-05T20:07:03 IST" name="signIn" finished-at="2025-04-05T20:07:04 IST" duration-ms="1072" status="PASS">
          <reporter-output>
          </reporter-output>
        </test-method> <!-- signIn -->
        <test-method signature="login(java.lang.String,java.lang.String)[pri:0, instance:com.expo.test.DemoGuruTest@291ae]" started-at="2025-04-05T20:07:04 IST" name="login" data-provider="dataProvider" finished-at="2025-04-05T20:07:06 IST" duration-ms="2170" status="PASS">
          <params>
            <param index="0">
              <value>
                <![CDATA[CCCCC]]>
              </value>
            </param>
            <param index="1">
              <value>
                <![CDATA[]]>
              </value>
            </param>
          </params>
          <reporter-output>
          </reporter-output>
        </test-method> <!-- login -->
        <test-method is-config="true" signature="takeScreenshot()[pri:0, instance:com.expo.test.DemoGuruTest@291ae]" started-at="2025-04-05T20:07:06 IST" name="takeScreenshot" finished-at="2025-04-05T20:07:07 IST" duration-ms="1066" status="PASS">
          <reporter-output>
          </reporter-output>
        </test-method> <!-- takeScreenshot -->
        <test-method is-config="true" signature="closeBrowser()[pri:0, instance:com.expo.test.DemoGuruTest@291ae]" started-at="2025-04-05T20:07:07 IST" name="closeBrowser" finished-at="2025-04-05T20:07:11 IST" duration-ms="3483" status="PASS">
          <reporter-output>
          </reporter-output>
        </test-method> <!-- closeBrowser -->
      </class> <!-- com.expo.test.DemoGuruTest -->
    </test> <!-- Default test -->
  </suite> <!-- Default suite -->
</testng-results>
